<?xml version="1.0" encoding="UTF-8"?>
<!-- Generated by org.testng.reporters.JUnitReportReporter -->
<testsuite hostname="DESKTOP-41R51OQ" failures="0" tests="1" name="test1" time="0.015" errors="0" timestamp="18 Jun 2024 08:31:30 GMT">
  <testcase classname="test1" name="streamCollect" time="0.015"/>
</testsuite> <!-- test1 -->
